<!DOCTYPE html PUBLIC "-//W3C//DTD XHTML 1.1//EN" "http://www.w3.org/TR/xhtml11/DTD/xhtml11.dtd">
<html xmlns="http://www.w3.org/1999/xhtml"><head><title>TestNG Report</title><style type="text/css">table {margin-bottom:10px;border-collapse:collapse;empty-cells:show}th,td {border:1px solid #009;padding:.25em .5em}th {vertical-align:bottom}td {vertical-align:top}table a {font-weight:bold}.stripe td {background-color: #E6EBF9}.num {text-align:right}.passedodd td {background-color: #3F3}.passedeven td {background-color: #0A0}.skippedodd td {background-color: #DDD}.skippedeven td {background-color: #CCC}.failedodd td,.attn {background-color: #F33}.failedeven td,.stripe .attn {background-color: #D00}.stacktrace {white-space:pre;font-family:monospace}.totop {font-size:85%;text-align:center;border-bottom:2px solid #000}</style></head><body><table><tr><th>Test</th><th># Passed</th><th># Skipped</th><th># Failed</th><th>Time (ms)</th><th>Included Groups</th><th>Excluded Groups</th></tr><tr><th colspan="7">Default suite</th></tr><tr><td><a href="#t0">Default test</a></td><td class="num">7</td><td class="num">0</td><td class="num attn">3</td><td class="num">109,252</td><td></td><td></td></tr></table><table><thead><tr><th>Class</th><th>Method</th><th>Start</th><th>Time (ms)</th></tr></thead><tbody><tr><th colspan="4">Default suite</th></tr></tbody><tbody id="t0"><tr><th colspan="4">Default test &#8212; failed</th></tr><tr class="failedeven"><td rowspan="1">projects.ticket.testCases.ticketWeb.baShi</td><td><a href="#m0">test000login</a></td><td rowspan="1">1448267370853</td><td rowspan="1">13348</td></tr><tr class="failedodd"><td rowspan="2">projects.ticket.testCases.ticketWeb.qiChe</td><td><a href="#m1">test005login</a></td><td rowspan="1">1448267406660</td><td rowspan="1">20820</td></tr><tr class="failedodd"><td><a href="#m2">test012editQiChePiaoJia</a></td><td rowspan="1">1448267430633</td><td rowspan="1">13418</td></tr><tr><th colspan="4">Default test &#8212; passed</th></tr><tr class="passedeven"><td rowspan="2">projects.ticket.testCases.ticketWeb.baShi</td><td><a href="#m3">test002login</a></td><td rowspan="1">1448267387417</td><td rowspan="1">1</td></tr><tr class="passedeven"><td><a href="#m4">test003login</a></td><td rowspan="1">1448267387419</td><td rowspan="1">1</td></tr><tr class="passedodd"><td rowspan="1">projects.ticket.testCases.ticketWeb.cheDuiAndCheLiang</td><td><a href="#m5">test000login</a></td><td rowspan="1">1448267454933</td><td rowspan="1">13265</td></tr><tr class="passedeven"><td rowspan="4">projects.ticket.testCases.ticketWeb.qiChe</td><td><a href="#m6">test000login</a></td><td rowspan="1">1448267394646</td><td rowspan="1">12010</td></tr><tr class="passedeven"><td><a href="#m7">test003login</a></td><td rowspan="1">1448267406657</td><td rowspan="1">1</td></tr><tr class="passedeven"><td><a href="#m8">test004login</a></td><td rowspan="1">1448267406659</td><td rowspan="1">1</td></tr><tr class="passedeven"><td><a href="#m9">test006login</a></td><td rowspan="1">1448267430631</td><td rowspan="1">1</td></tr></tbody></table><h2>Default test</h2><h3 id="m0">projects.ticket.testCases.ticketWeb.baShi#test000login</h3><table class="result"><tr><th>Messages</th></tr><tr><td><div class="messages">/Users/wangxun/Documents/workspace/test/testReport/failScreen/web/20151123-162947-376_test000login.png<br/>&lt;img src=&quot;..//Users/wangxun/Documents/workspace/test/testReport/failScreen/web/20151123-162947-376_test000login.png&quot;/&gt;</div></td></tr><tr><th>Exception</th></tr><tr><td><div class="stacktrace">java.lang.AssertionError: expected [333334] but found [333]
	at org.testng.Assert.fail(Assert.java:94)
	at org.testng.Assert.failNotEquals(Assert.java:496)
	at org.testng.Assert.assertEquals(Assert.java:125)
	at org.testng.Assert.assertEquals(Assert.java:178)
	at org.testng.Assert.assertEquals(Assert.java:188)
	at test.autotest.core.UI.assertEquals(UI.java:86)
	at projects.ticket.testCases.ticketWeb.baShi.test000login(baShi.java:67)
	at sun.reflect.NativeMethodAccessorImpl.invoke0(Native Method)
	at sun.reflect.NativeMethodAccessorImpl.invoke(NativeMethodAccessorImpl.java:62)
	at sun.reflect.DelegatingMethodAccessorImpl.invoke(DelegatingMethodAccessorImpl.java:43)
	at java.lang.reflect.Method.invoke(Method.java:483)
	at org.testng.internal.MethodInvocationHelper.invokeMethod(MethodInvocationHelper.java:85)
	at org.testng.internal.Invoker.invokeMethod(Invoker.java:659)
	at org.testng.internal.Invoker.invokeTestMethod(Invoker.java:845)
	at org.testng.internal.Invoker.invokeTestMethods(Invoker.java:1153)
	at org.testng.internal.TestMethodWorker.invokeTestMethods(TestMethodWorker.java:125)
	at org.testng.internal.TestMethodWorker.run(TestMethodWorker.java:108)
	at org.testng.TestRunner.privateRun(TestRunner.java:771)
	at org.testng.TestRunner.run(TestRunner.java:621)
	at org.testng.SuiteRunner.runTest(SuiteRunner.java:357)
	at org.testng.SuiteRunner.runSequentially(SuiteRunner.java:352)
	at org.testng.SuiteRunner.privateRun(SuiteRunner.java:310)
	at org.testng.SuiteRunner.run(SuiteRunner.java:259)
	at org.testng.SuiteRunnerWorker.runSuite(SuiteRunnerWorker.java:52)
	at org.testng.SuiteRunnerWorker.run(SuiteRunnerWorker.java:86)
	at org.testng.TestNG.runSuitesSequentially(TestNG.java:1199)
	at org.testng.TestNG.runSuitesLocally(TestNG.java:1124)
	at org.testng.TestNG.run(TestNG.java:1032)
	at org.testng.remote.RemoteTestNG.run(RemoteTestNG.java:111)
	at org.testng.remote.RemoteTestNG.initAndRun(RemoteTestNG.java:204)
	at org.testng.remote.RemoteTestNG.main(RemoteTestNG.java:175)
</div></td></tr></table><p class="totop"><a href="#summary">back to summary</a></p><h3 id="m1">projects.ticket.testCases.ticketWeb.qiChe#test005login</h3><table class="result"><tr><th>Messages</th></tr><tr><td><div class="messages">/Users/wangxun/Documents/workspace/test/testReport/failScreen/web/20151123-163030-629_test005login.png<br/>&lt;img src=&quot;..//Users/wangxun/Documents/workspace/test/testReport/failScreen/web/20151123-163030-629_test005login.png&quot;/&gt;</div></td></tr><tr><th>Exception</th></tr><tr><td><div class="stacktrace">java.lang.AssertionError: Can not find the 登录输入框 element on the 登录页 page.
	at org.testng.Assert.fail(Assert.java:94)
	at test.autotest.core.UI.waitDisplay(UI.java:154)
	at test.autotest.core.UI.waitDisplay(UI.java:137)
	at projects.ticket.frame.piaoWuWebTest.enterHomePage(piaoWuWebTest.java:15)
	at projects.ticket.testCases.ticketWeb.qiChe.test005login(qiChe.java:65)
	at sun.reflect.NativeMethodAccessorImpl.invoke0(Native Method)
	at sun.reflect.NativeMethodAccessorImpl.invoke(NativeMethodAccessorImpl.java:62)
	at sun.reflect.DelegatingMethodAccessorImpl.invoke(DelegatingMethodAccessorImpl.java:43)
	at java.lang.reflect.Method.invoke(Method.java:483)
	at org.testng.internal.MethodInvocationHelper.invokeMethod(MethodInvocationHelper.java:85)
	at org.testng.internal.Invoker.invokeMethod(Invoker.java:659)
	at org.testng.internal.Invoker.invokeTestMethod(Invoker.java:845)
	at org.testng.internal.Invoker.invokeTestMethods(Invoker.java:1153)
	at org.testng.internal.TestMethodWorker.invokeTestMethods(TestMethodWorker.java:125)
	at org.testng.internal.TestMethodWorker.run(TestMethodWorker.java:108)
	at org.testng.TestRunner.privateRun(TestRunner.java:771)
	at org.testng.TestRunner.run(TestRunner.java:621)
	at org.testng.SuiteRunner.runTest(SuiteRunner.java:357)
	at org.testng.SuiteRunner.runSequentially(SuiteRunner.java:352)
	at org.testng.SuiteRunner.privateRun(SuiteRunner.java:310)
	at org.testng.SuiteRunner.run(SuiteRunner.java:259)
	at org.testng.SuiteRunnerWorker.runSuite(SuiteRunnerWorker.java:52)
	at org.testng.SuiteRunnerWorker.run(SuiteRunnerWorker.java:86)
	at org.testng.TestNG.runSuitesSequentially(TestNG.java:1199)
	at org.testng.TestNG.runSuitesLocally(TestNG.java:1124)
	at org.testng.TestNG.run(TestNG.java:1032)
	at org.testng.remote.RemoteTestNG.run(RemoteTestNG.java:111)
	at org.testng.remote.RemoteTestNG.initAndRun(RemoteTestNG.java:204)
	at org.testng.remote.RemoteTestNG.main(RemoteTestNG.java:175)
</div></td></tr></table><p class="totop"><a href="#summary">back to summary</a></p><h3 id="m2">projects.ticket.testCases.ticketWeb.qiChe#test012editQiChePiaoJia</h3><table class="result"><tr><th>Messages</th></tr><tr><td><div class="messages">/Users/wangxun/Documents/workspace/test/testReport/failScreen/web/20151123-163047-276_test012editQiChePiaoJia.png<br/>&lt;img src=&quot;..//Users/wangxun/Documents/workspace/test/testReport/failScreen/web/20151123-163047-276_test012editQiChePiaoJia.png&quot;/&gt;</div></td></tr><tr><th>Exception</th></tr><tr><td><div class="stacktrace">org.openqa.selenium.TimeoutException: Timed out after 10 seconds waiting for presence of element located by: By.cssSelector: #table_main &gt; tbody &gt; tr:nth-child(6) &gt; td:nth-child(13) &gt; a:nth-child(3)
Build info: version: &apos;2.46.0&apos;, revision: &apos;61506a4624b13675f24581e453592342b7485d71&apos;, time: &apos;2015-06-04 10:22:50&apos;
System info: host: &apos;spring-ma.achievo.com&apos;, ip: &apos;10.27.0.122&apos;, os.name: &apos;Mac OS X&apos;, os.arch: &apos;x86_64&apos;, os.version: &apos;10.10&apos;, java.version: &apos;1.8.0_25&apos;
Driver info: org.openqa.selenium.firefox.FirefoxDriver
Capabilities [{applicationCacheEnabled=true, rotatable=false, handlesAlerts=true, databaseEnabled=true, version=32.0.2, platform=MAC, nativeEvents=false, acceptSslCerts=true, webStorageEnabled=true, locationContextEnabled=true, browserName=firefox, takesScreenshot=true, javascriptEnabled=true, cssSelectorsEnabled=true}]
Session ID: 8548a36a-2b66-3742-9dd0-d7b49e0f3a54
	at org.openqa.selenium.support.ui.WebDriverWait.timeoutException(WebDriverWait.java:80)
	at org.openqa.selenium.support.ui.FluentWait.until(FluentWait.java:229)
	at test.autotest.base.WebApp.waitDisplayByCss(WebApp.java:270)
	at projects.ticket.testCases.ticketWeb.qiChe.test012editQiChePiaoJia(qiChe.java:160)
	at sun.reflect.NativeMethodAccessorImpl.invoke0(Native Method)
	at sun.reflect.NativeMethodAccessorImpl.invoke(NativeMethodAccessorImpl.java:62)
	at sun.reflect.DelegatingMethodAccessorImpl.invoke(DelegatingMethodAccessorImpl.java:43)
	at java.lang.reflect.Method.invoke(Method.java:483)
	at org.testng.internal.MethodInvocationHelper.invokeMethod(MethodInvocationHelper.java:85)
	at org.testng.internal.Invoker.invokeMethod(Invoker.java:659)
	at org.testng.internal.Invoker.invokeTestMethod(Invoker.java:845)
	at org.testng.internal.Invoker.invokeTestMethods(Invoker.java:1153)
	at org.testng.internal.TestMethodWorker.invokeTestMethods(TestMethodWorker.java:125)
	at org.testng.internal.TestMethodWorker.run(TestMethodWorker.java:108)
	at org.testng.TestRunner.privateRun(TestRunner.java:771)
	at org.testng.TestRunner.run(TestRunner.java:621)
	at org.testng.SuiteRunner.runTest(SuiteRunner.java:357)
	at org.testng.SuiteRunner.runSequentially(SuiteRunner.java:352)
	at org.testng.SuiteRunner.privateRun(SuiteRunner.java:310)
	at org.testng.SuiteRunner.run(SuiteRunner.java:259)
	at org.testng.SuiteRunnerWorker.runSuite(SuiteRunnerWorker.java:52)
	at org.testng.SuiteRunnerWorker.run(SuiteRunnerWorker.java:86)
	at org.testng.TestNG.runSuitesSequentially(TestNG.java:1199)
	at org.testng.TestNG.runSuitesLocally(TestNG.java:1124)
	at org.testng.TestNG.run(TestNG.java:1032)
	at org.testng.remote.RemoteTestNG.run(RemoteTestNG.java:111)
	at org.testng.remote.RemoteTestNG.initAndRun(RemoteTestNG.java:204)
	at org.testng.remote.RemoteTestNG.main(RemoteTestNG.java:175)
Caused by: org.openqa.selenium.NoSuchElementException: Unable to locate element: {&quot;method&quot;:&quot;css selector&quot;,&quot;selector&quot;:&quot;#table_main &gt; tbody &gt; tr:nth-child(6) &gt; td:nth-child(13) &gt; a:nth-child(3)&quot;}
Command duration or timeout: 13 milliseconds
For documentation on this error, please visit: http://seleniumhq.org/exceptions/no_such_element.html
Build info: version: &apos;2.46.0&apos;, revision: &apos;61506a4624b13675f24581e453592342b7485d71&apos;, time: &apos;2015-06-04 10:22:50&apos;
System info: host: &apos;spring-ma.achievo.com&apos;, ip: &apos;10.27.0.122&apos;, os.name: &apos;Mac OS X&apos;, os.arch: &apos;x86_64&apos;, os.version: &apos;10.10&apos;, java.version: &apos;1.8.0_25&apos;
Driver info: org.openqa.selenium.firefox.FirefoxDriver
Capabilities [{applicationCacheEnabled=true, rotatable=false, handlesAlerts=true, databaseEnabled=true, version=32.0.2, platform=MAC, nativeEvents=false, acceptSslCerts=true, webStorageEnabled=true, locationContextEnabled=true, browserName=firefox, takesScreenshot=true, javascriptEnabled=true, cssSelectorsEnabled=true}]
Session ID: 8548a36a-2b66-3742-9dd0-d7b49e0f3a54
*** Element info: {Using=css selector, value=#table_main &gt; tbody &gt; tr:nth-child(6) &gt; td:nth-child(13) &gt; a:nth-child(3)}
	at sun.reflect.GeneratedConstructorAccessor16.newInstance(Unknown Source)
	at sun.reflect.DelegatingConstructorAccessorImpl.newInstance(DelegatingConstructorAccessorImpl.java:45)
	at java.lang.reflect.Constructor.newInstance(Constructor.java:408)
	at org.openqa.selenium.remote.ErrorHandler.createThrowable(ErrorHandler.java:204)
	at org.openqa.selenium.remote.ErrorHandler.throwIfResponseFailed(ErrorHandler.java:156)
	at org.openqa.selenium.remote.RemoteWebDriver.execute(RemoteWebDriver.java:605)
	at org.openqa.selenium.remote.RemoteWebDriver.findElement(RemoteWebDriver.java:358)
	at org.openqa.selenium.remote.RemoteWebDriver.findElementByCssSelector(RemoteWebDriver.java:447)
	at org.openqa.selenium.By$ByCssSelector.findElement(By.java:426)
	at org.openqa.selenium.remote.RemoteWebDriver.findElement(RemoteWebDriver.java:350)
	at org.openqa.selenium.support.ui.ExpectedConditions.findElement(ExpectedConditions.java:809)
	at org.openqa.selenium.support.ui.ExpectedConditions.access$000(ExpectedConditions.java:41)
	at org.openqa.selenium.support.ui.ExpectedConditions$6.apply(ExpectedConditions.java:181)
	at org.openqa.selenium.support.ui.ExpectedConditions$6.apply(ExpectedConditions.java:178)
	at org.openqa.selenium.support.ui.FluentWait.until(FluentWait.java:209)
	... 26 more
Caused by: org.openqa.selenium.NoSuchElementException: Unable to locate element: {&quot;method&quot;:&quot;css selector&quot;,&quot;selector&quot;:&quot;#table_main &gt; tbody &gt; tr:nth-child(6) &gt; td:nth-child(13) &gt; a:nth-child(3)&quot;}
For documentation on this error, please visit: http://seleniumhq.org/exceptions/no_such_element.html
Build info: version: &apos;2.46.0&apos;, revision: &apos;61506a4624b13675f24581e453592342b7485d71&apos;, time: &apos;2015-06-04 10:22:50&apos;
System info: host: &apos;spring-ma.achievo.com&apos;, ip: &apos;10.27.0.122&apos;, os.name: &apos;Mac OS X&apos;, os.arch: &apos;x86_64&apos;, os.version: &apos;10.10&apos;, java.version: &apos;1.8.0_25&apos;
Driver info: driver.version: unknown
	at &lt;anonymous class&gt;.FirefoxDriver.prototype.findElementInternal_(file:///var/folders/nc/g7wzk02d1650r622th1szb5c0000gn/T/anonymous8261818810233527101webdriver-profile/extensions/fxdriver@googlecode.com/components/driver-component.js:10299)
	at &lt;anonymous class&gt;.FirefoxDriver.prototype.findElement(file:///var/folders/nc/g7wzk02d1650r622th1szb5c0000gn/T/anonymous8261818810233527101webdriver-profile/extensions/fxdriver@googlecode.com/components/driver-component.js:10308)
	at &lt;anonymous class&gt;.DelayedCommand.prototype.executeInternal_/h(file:///var/folders/nc/g7wzk02d1650r622th1szb5c0000gn/T/anonymous8261818810233527101webdriver-profile/extensions/fxdriver@googlecode.com/components/command-processor.js:12282)
	at &lt;anonymous class&gt;.DelayedCommand.prototype.executeInternal_(file:///var/folders/nc/g7wzk02d1650r622th1szb5c0000gn/T/anonymous8261818810233527101webdriver-profile/extensions/fxdriver@googlecode.com/components/command-processor.js:12287)
	at &lt;anonymous class&gt;.DelayedCommand.prototype.execute/&lt;(file:///var/folders/nc/g7wzk02d1650r622th1szb5c0000gn/T/anonymous8261818810233527101webdriver-profile/extensions/fxdriver@googlecode.com/components/command-processor.js:12229)
</div></td></tr></table><p class="totop"><a href="#summary">back to summary</a></p><h3 id="m3">projects.ticket.testCases.ticketWeb.baShi#test002login</h3><table class="result"></table><p class="totop"><a href="#summary">back to summary</a></p><h3 id="m4">projects.ticket.testCases.ticketWeb.baShi#test003login</h3><table class="result"></table><p class="totop"><a href="#summary">back to summary</a></p><h3 id="m5">projects.ticket.testCases.ticketWeb.cheDuiAndCheLiang#test000login</h3><table class="result"></table><p class="totop"><a href="#summary">back to summary</a></p><h3 id="m6">projects.ticket.testCases.ticketWeb.qiChe#test000login</h3><table class="result"></table><p class="totop"><a href="#summary">back to summary</a></p><h3 id="m7">projects.ticket.testCases.ticketWeb.qiChe#test003login</h3><table class="result"></table><p class="totop"><a href="#summary">back to summary</a></p><h3 id="m8">projects.ticket.testCases.ticketWeb.qiChe#test004login</h3><table class="result"></table><p class="totop"><a href="#summary">back to summary</a></p><h3 id="m9">projects.ticket.testCases.ticketWeb.qiChe#test006login</h3><table class="result"></table><p class="totop"><a href="#summary">back to summary</a></p></body></html>