<?xml version="1.0" encoding="UTF-8"?>
<testng-results skipped="0" failed="3" total="10" passed="7">
  <reporter-output>
    <line>
      <![CDATA[/Users/wangxun/Documents/workspace/test/testReport/failScreen/web/20151123-162947-376_test000login.png]]>
    </line>
    <line>
      <![CDATA[<img src="..//Users/wangxun/Documents/workspace/test/testReport/failScreen/web/20151123-162947-376_test000login.png"/>]]>
    </line>
    <line>
      <![CDATA[/Users/wangxun/Documents/workspace/test/testReport/failScreen/web/20151123-163030-629_test005login.png]]>
    </line>
    <line>
      <![CDATA[<img src="..//Users/wangxun/Documents/workspace/test/testReport/failScreen/web/20151123-163030-629_test005login.png"/>]]>
    </line>
    <line>
      <![CDATA[/Users/wangxun/Documents/workspace/test/testReport/failScreen/web/20151123-163047-276_test012editQiChePiaoJia.png]]>
    </line>
    <line>
      <![CDATA[<img src="..//Users/wangxun/Documents/workspace/test/testReport/failScreen/web/20151123-163047-276_test012editQiChePiaoJia.png"/>]]>
    </line>
  </reporter-output>
  <suite name="Default suite" duration-ms="109252" started-at="2015-11-23T08:29:19Z" finished-at="2015-11-23T08:31:08Z">
    <groups>
    </groups>
    <test name="Default test" duration-ms="109252" started-at="2015-11-23T08:29:19Z" finished-at="2015-11-23T08:31:08Z">
      <class name="projects.ticket.testCases.ticketWeb.cheDuiAndCheLiang">
        <test-method status="PASS" signature="setUp()[pri:0, instance:projects.ticket.testCases.ticketWeb.cheDuiAndCheLiang@6bf256fa]" name="setUp" is-config="true" duration-ms="6835" started-at="2015-11-23T16:30:48Z" finished-at="2015-11-23T16:30:54Z">
          <reporter-output>
          </reporter-output>
        </test-method> <!-- setUp -->
        <test-method status="PASS" signature="test000login()[pri:0, instance:projects.ticket.testCases.ticketWeb.cheDuiAndCheLiang@6bf256fa]" name="test000login" duration-ms="13265" started-at="2015-11-23T16:30:54Z" finished-at="2015-11-23T16:31:08Z">
          <reporter-output>
          </reporter-output>
        </test-method> <!-- test000login -->
        <test-method status="PASS" signature="tearDown()[pri:0, instance:projects.ticket.testCases.ticketWeb.cheDuiAndCheLiang@6bf256fa]" name="tearDown" is-config="true" duration-ms="746" started-at="2015-11-23T16:31:08Z" finished-at="2015-11-23T16:31:08Z">
          <reporter-output>
          </reporter-output>
        </test-method> <!-- tearDown -->
      </class> <!-- projects.ticket.testCases.ticketWeb.cheDuiAndCheLiang -->
      <class name="projects.ticket.testCases.ticketWeb.qiChe">
        <test-method status="PASS" signature="setUp()[pri:0, instance:projects.ticket.testCases.ticketWeb.qiChe@1554909b]" name="setUp" is-config="true" duration-ms="6230" started-at="2015-11-23T16:29:48Z" finished-at="2015-11-23T16:29:54Z">
          <reporter-output>
          </reporter-output>
        </test-method> <!-- setUp -->
        <test-method status="PASS" signature="test000login()[pri:0, instance:projects.ticket.testCases.ticketWeb.qiChe@1554909b]" name="test000login" duration-ms="12010" started-at="2015-11-23T16:29:54Z" finished-at="2015-11-23T16:30:06Z">
          <reporter-output>
          </reporter-output>
        </test-method> <!-- test000login -->
        <test-method status="PASS" signature="test003login()[pri:0, instance:projects.ticket.testCases.ticketWeb.qiChe@1554909b]" name="test003login" duration-ms="1" started-at="2015-11-23T16:30:06Z" finished-at="2015-11-23T16:30:06Z">
          <reporter-output>
          </reporter-output>
        </test-method> <!-- test003login -->
        <test-method status="PASS" signature="test004login()[pri:0, instance:projects.ticket.testCases.ticketWeb.qiChe@1554909b]" name="test004login" duration-ms="1" started-at="2015-11-23T16:30:06Z" finished-at="2015-11-23T16:30:06Z">
          <reporter-output>
          </reporter-output>
        </test-method> <!-- test004login -->
        <test-method status="FAIL" signature="test005login()[pri:0, instance:projects.ticket.testCases.ticketWeb.qiChe@1554909b]" name="test005login" duration-ms="20820" started-at="2015-11-23T16:30:06Z" finished-at="2015-11-23T16:30:27Z">
          <exception class="java.lang.AssertionError">
            <message>
              <![CDATA[Can not find the 登录输入框 element on the 登录页 page.]]>
            </message>
            <full-stacktrace>
              <![CDATA[java.lang.AssertionError: Can not find the 登录输入框 element on the 登录页 page.
	at org.testng.Assert.fail(Assert.java:94)
	at test.autotest.core.UI.waitDisplay(UI.java:154)
	at test.autotest.core.UI.waitDisplay(UI.java:137)
	at projects.ticket.frame.piaoWuWebTest.enterHomePage(piaoWuWebTest.java:15)
	at projects.ticket.testCases.ticketWeb.qiChe.test005login(qiChe.java:65)
	at sun.reflect.NativeMethodAccessorImpl.invoke0(Native Method)
	at sun.reflect.NativeMethodAccessorImpl.invoke(NativeMethodAccessorImpl.java:62)
	at sun.reflect.DelegatingMethodAccessorImpl.invoke(DelegatingMethodAccessorImpl.java:43)
	at java.lang.reflect.Method.invoke(Method.java:483)
	at org.testng.internal.MethodInvocationHelper.invokeMethod(MethodInvocationHelper.java:85)
	at org.testng.internal.Invoker.invokeMethod(Invoker.java:659)
	at org.testng.internal.Invoker.invokeTestMethod(Invoker.java:845)
	at org.testng.internal.Invoker.invokeTestMethods(Invoker.java:1153)
	at org.testng.internal.TestMethodWorker.invokeTestMethods(TestMethodWorker.java:125)
	at org.testng.internal.TestMethodWorker.run(TestMethodWorker.java:108)
	at org.testng.TestRunner.privateRun(TestRunner.java:771)
	at org.testng.TestRunner.run(TestRunner.java:621)
	at org.testng.SuiteRunner.runTest(SuiteRunner.java:357)
	at org.testng.SuiteRunner.runSequentially(SuiteRunner.java:352)
	at org.testng.SuiteRunner.privateRun(SuiteRunner.java:310)
	at org.testng.SuiteRunner.run(SuiteRunner.java:259)
	at org.testng.SuiteRunnerWorker.runSuite(SuiteRunnerWorker.java:52)
	at org.testng.SuiteRunnerWorker.run(SuiteRunnerWorker.java:86)
	at org.testng.TestNG.runSuitesSequentially(TestNG.java:1199)
	at org.testng.TestNG.runSuitesLocally(TestNG.java:1124)
	at org.testng.TestNG.run(TestNG.java:1032)
	at org.testng.remote.RemoteTestNG.run(RemoteTestNG.java:111)
	at org.testng.remote.RemoteTestNG.initAndRun(RemoteTestNG.java:204)
	at org.testng.remote.RemoteTestNG.main(RemoteTestNG.java:175)
]]>
            </full-stacktrace>
          </exception> <!-- java.lang.AssertionError -->
          <reporter-output>
            <line>
              <![CDATA[/Users/wangxun/Documents/workspace/test/testReport/failScreen/web/20151123-163030-629_test005login.png]]>
            </line>
            <line>
              <![CDATA[<img src="..//Users/wangxun/Documents/workspace/test/testReport/failScreen/web/20151123-163030-629_test005login.png"/>]]>
            </line>
          </reporter-output>
        </test-method> <!-- test005login -->
        <test-method status="PASS" signature="test006login()[pri:0, instance:projects.ticket.testCases.ticketWeb.qiChe@1554909b]" name="test006login" duration-ms="1" started-at="2015-11-23T16:30:30Z" finished-at="2015-11-23T16:30:30Z">
          <reporter-output>
          </reporter-output>
        </test-method> <!-- test006login -->
        <test-method status="FAIL" signature="test012editQiChePiaoJia()[pri:0, instance:projects.ticket.testCases.ticketWeb.qiChe@1554909b]" name="test012editQiChePiaoJia" duration-ms="13418" started-at="2015-11-23T16:30:30Z" finished-at="2015-11-23T16:30:44Z">
          <exception class="org.openqa.selenium.TimeoutException">
            <message>
              <![CDATA[Timed out after 10 seconds waiting for presence of element located by: By.cssSelector: #table_main > tbody > tr:nth-child(6) > td:nth-child(13) > a:nth-child(3)
Build info: version: '2.46.0', revision: '61506a4624b13675f24581e453592342b7485d71', time: '2015-06-04 10:22:50'
System info: host: 'spring-ma.achievo.com', ip: '10.27.0.122', os.name: 'Mac OS X', os.arch: 'x86_64', os.version: '10.10', java.version: '1.8.0_25'
Driver info: org.openqa.selenium.firefox.FirefoxDriver
Capabilities [{applicationCacheEnabled=true, rotatable=false, handlesAlerts=true, databaseEnabled=true, version=32.0.2, platform=MAC, nativeEvents=false, acceptSslCerts=true, webStorageEnabled=true, locationContextEnabled=true, browserName=firefox, takesScreenshot=true, javascriptEnabled=true, cssSelectorsEnabled=true}]
Session ID: 8548a36a-2b66-3742-9dd0-d7b49e0f3a54]]>
            </message>
            <full-stacktrace>
              <![CDATA[org.openqa.selenium.TimeoutException: Timed out after 10 seconds waiting for presence of element located by: By.cssSelector: #table_main > tbody > tr:nth-child(6) > td:nth-child(13) > a:nth-child(3)
Build info: version: '2.46.0', revision: '61506a4624b13675f24581e453592342b7485d71', time: '2015-06-04 10:22:50'
System info: host: 'spring-ma.achievo.com', ip: '10.27.0.122', os.name: 'Mac OS X', os.arch: 'x86_64', os.version: '10.10', java.version: '1.8.0_25'
Driver info: org.openqa.selenium.firefox.FirefoxDriver
Capabilities [{applicationCacheEnabled=true, rotatable=false, handlesAlerts=true, databaseEnabled=true, version=32.0.2, platform=MAC, nativeEvents=false, acceptSslCerts=true, webStorageEnabled=true, locationContextEnabled=true, browserName=firefox, takesScreenshot=true, javascriptEnabled=true, cssSelectorsEnabled=true}]
Session ID: 8548a36a-2b66-3742-9dd0-d7b49e0f3a54
	at org.openqa.selenium.support.ui.WebDriverWait.timeoutException(WebDriverWait.java:80)
	at org.openqa.selenium.support.ui.FluentWait.until(FluentWait.java:229)
	at test.autotest.base.WebApp.waitDisplayByCss(WebApp.java:270)
	at projects.ticket.testCases.ticketWeb.qiChe.test012editQiChePiaoJia(qiChe.java:160)
	at sun.reflect.NativeMethodAccessorImpl.invoke0(Native Method)
	at sun.reflect.NativeMethodAccessorImpl.invoke(NativeMethodAccessorImpl.java:62)
	at sun.reflect.DelegatingMethodAccessorImpl.invoke(DelegatingMethodAccessorImpl.java:43)
	at java.lang.reflect.Method.invoke(Method.java:483)
	at org.testng.internal.MethodInvocationHelper.invokeMethod(MethodInvocationHelper.java:85)
	at org.testng.internal.Invoker.invokeMethod(Invoker.java:659)
	at org.testng.internal.Invoker.invokeTestMethod(Invoker.java:845)
	at org.testng.internal.Invoker.invokeTestMethods(Invoker.java:1153)
	at org.testng.internal.TestMethodWorker.invokeTestMethods(TestMethodWorker.java:125)
	at org.testng.internal.TestMethodWorker.run(TestMethodWorker.java:108)
	at org.testng.TestRunner.privateRun(TestRunner.java:771)
	at org.testng.TestRunner.run(TestRunner.java:621)
	at org.testng.SuiteRunner.runTest(SuiteRunner.java:357)
	at org.testng.SuiteRunner.runSequentially(SuiteRunner.java:352)
	at org.testng.SuiteRunner.privateRun(SuiteRunner.java:310)
	at org.testng.SuiteRunner.run(SuiteRunner.java:259)
	at org.testng.SuiteRunnerWorker.runSuite(SuiteRunnerWorker.java:52)
	at org.testng.SuiteRunnerWorker.run(SuiteRunnerWorker.java:86)
	at org.testng.TestNG.runSuitesSequentially(TestNG.java:1199)
	at org.testng.TestNG.runSuitesLocally(TestNG.java:1124)
	at org.testng.TestNG.run(TestNG.java:1032)
	at org.testng.remote.RemoteTestNG.run(RemoteTestNG.java:111)
	at org.testng.remote.RemoteTestNG.initAndRun(RemoteTestNG.java:204)
	at org.testng.remote.RemoteTestNG.main(RemoteTestNG.java:175)
Caused by: org.openqa.selenium.NoSuchElementException: Unable to locate element: {"method":"css selector","selector":"#table_main > tbody > tr:nth-child(6) > td:nth-child(13) > a:nth-child(3)"}
Command duration or timeout: 13 milliseconds
For documentation on this error, please visit: http://seleniumhq.org/exceptions/no_such_element.html
Build info: version: '2.46.0', revision: '61506a4624b13675f24581e453592342b7485d71', time: '2015-06-04 10:22:50'
System info: host: 'spring-ma.achievo.com', ip: '10.27.0.122', os.name: 'Mac OS X', os.arch: 'x86_64', os.version: '10.10', java.version: '1.8.0_25'
Driver info: org.openqa.selenium.firefox.FirefoxDriver
Capabilities [{applicationCacheEnabled=true, rotatable=false, handlesAlerts=true, databaseEnabled=true, version=32.0.2, platform=MAC, nativeEvents=false, acceptSslCerts=true, webStorageEnabled=true, locationContextEnabled=true, browserName=firefox, takesScreenshot=true, javascriptEnabled=true, cssSelectorsEnabled=true}]
Session ID: 8548a36a-2b66-3742-9dd0-d7b49e0f3a54
*** Element info: {Using=css selector, value=#table_main > tbody > tr:nth-child(6) > td:nth-child(13) > a:nth-child(3)}
	at sun.reflect.GeneratedConstructorAccessor16.newInstance(Unknown Source)
	at sun.reflect.DelegatingConstructorAccessorImpl.newInstance(DelegatingConstructorAccessorImpl.java:45)
	at java.lang.reflect.Constructor.newInstance(Constructor.java:408)
	at org.openqa.selenium.remote.ErrorHandler.createThrowable(ErrorHandler.java:204)
	at org.openqa.selenium.remote.ErrorHandler.throwIfResponseFailed(ErrorHandler.java:156)
	at org.openqa.selenium.remote.RemoteWebDriver.execute(RemoteWebDriver.java:605)
	at org.openqa.selenium.remote.RemoteWebDriver.findElement(RemoteWebDriver.java:358)
	at org.openqa.selenium.remote.RemoteWebDriver.findElementByCssSelector(RemoteWebDriver.java:447)
	at org.openqa.selenium.By$ByCssSelector.findElement(By.java:426)
	at org.openqa.selenium.remote.RemoteWebDriver.findElement(RemoteWebDriver.java:350)
	at org.openqa.selenium.support.ui.ExpectedConditions.findElement(ExpectedConditions.java:809)
	at org.openqa.selenium.support.ui.ExpectedConditions.access$000(ExpectedConditions.java:41)
	at org.openqa.selenium.support.ui.ExpectedConditions$6.apply(ExpectedConditions.java:181)
	at org.openqa.selenium.support.ui.ExpectedConditions$6.apply(ExpectedConditions.java:178)
	at org.openqa.selenium.support.ui.FluentWait.until(FluentWait.java:209)
	... 26 more
Caused by: org.openqa.selenium.NoSuchElementException: Unable to locate element: {"method":"css selector","selector":"#table_main > tbody > tr:nth-child(6) > td:nth-child(13) > a:nth-child(3)"}
For documentation on this error, please visit: http://seleniumhq.org/exceptions/no_such_element.html
Build info: version: '2.46.0', revision: '61506a4624b13675f24581e453592342b7485d71', time: '2015-06-04 10:22:50'
System info: host: 'spring-ma.achievo.com', ip: '10.27.0.122', os.name: 'Mac OS X', os.arch: 'x86_64', os.version: '10.10', java.version: '1.8.0_25'
Driver info: driver.version: unknown
	at <anonymous class>.FirefoxDriver.prototype.findElementInternal_(file:///var/folders/nc/g7wzk02d1650r622th1szb5c0000gn/T/anonymous8261818810233527101webdriver-profile/extensions/fxdriver@googlecode.com/components/driver-component.js:10299)
	at <anonymous class>.FirefoxDriver.prototype.findElement(file:///var/folders/nc/g7wzk02d1650r622th1szb5c0000gn/T/anonymous8261818810233527101webdriver-profile/extensions/fxdriver@googlecode.com/components/driver-component.js:10308)
	at <anonymous class>.DelayedCommand.prototype.executeInternal_/h(file:///var/folders/nc/g7wzk02d1650r622th1szb5c0000gn/T/anonymous8261818810233527101webdriver-profile/extensions/fxdriver@googlecode.com/components/command-processor.js:12282)
	at <anonymous class>.DelayedCommand.prototype.executeInternal_(file:///var/folders/nc/g7wzk02d1650r622th1szb5c0000gn/T/anonymous8261818810233527101webdriver-profile/extensions/fxdriver@googlecode.com/components/command-processor.js:12287)
	at <anonymous class>.DelayedCommand.prototype.execute/<(file:///var/folders/nc/g7wzk02d1650r622th1szb5c0000gn/T/anonymous8261818810233527101webdriver-profile/extensions/fxdriver@googlecode.com/components/command-processor.js:12229)
]]>
            </full-stacktrace>
          </exception> <!-- org.openqa.selenium.TimeoutException -->
          <reporter-output>
            <line>
              <![CDATA[/Users/wangxun/Documents/workspace/test/testReport/failScreen/web/20151123-163047-276_test012editQiChePiaoJia.png]]>
            </line>
            <line>
              <![CDATA[<img src="..//Users/wangxun/Documents/workspace/test/testReport/failScreen/web/20151123-163047-276_test012editQiChePiaoJia.png"/>]]>
            </line>
          </reporter-output>
        </test-method> <!-- test012editQiChePiaoJia -->
        <test-method status="PASS" signature="tearDown()[pri:0, instance:projects.ticket.testCases.ticketWeb.qiChe@1554909b]" name="tearDown" is-config="true" duration-ms="821" started-at="2015-11-23T16:30:47Z" finished-at="2015-11-23T16:30:48Z">
          <reporter-output>
          </reporter-output>
        </test-method> <!-- tearDown -->
      </class> <!-- projects.ticket.testCases.ticketWeb.qiChe -->
      <class name="projects.ticket.testCases.ticketWeb.baShi">
        <test-method status="PASS" signature="setUp()[pri:0, instance:projects.ticket.testCases.ticketWeb.baShi@17f6480]" name="setUp" is-config="true" duration-ms="11126" started-at="2015-11-23T16:29:19Z" finished-at="2015-11-23T16:29:30Z">
          <reporter-output>
          </reporter-output>
        </test-method> <!-- setUp -->
        <test-method status="FAIL" signature="test000login()[pri:0, instance:projects.ticket.testCases.ticketWeb.baShi@17f6480]" name="test000login" duration-ms="13348" started-at="2015-11-23T16:29:30Z" finished-at="2015-11-23T16:29:44Z">
          <exception class="java.lang.AssertionError">
            <message>
              <![CDATA[expected [333334] but found [333]]]>
            </message>
            <full-stacktrace>
              <![CDATA[java.lang.AssertionError: expected [333334] but found [333]
	at org.testng.Assert.fail(Assert.java:94)
	at org.testng.Assert.failNotEquals(Assert.java:496)
	at org.testng.Assert.assertEquals(Assert.java:125)
	at org.testng.Assert.assertEquals(Assert.java:178)
	at org.testng.Assert.assertEquals(Assert.java:188)
	at test.autotest.core.UI.assertEquals(UI.java:86)
	at projects.ticket.testCases.ticketWeb.baShi.test000login(baShi.java:67)
	at sun.reflect.NativeMethodAccessorImpl.invoke0(Native Method)
	at sun.reflect.NativeMethodAccessorImpl.invoke(NativeMethodAccessorImpl.java:62)
	at sun.reflect.DelegatingMethodAccessorImpl.invoke(DelegatingMethodAccessorImpl.java:43)
	at java.lang.reflect.Method.invoke(Method.java:483)
	at org.testng.internal.MethodInvocationHelper.invokeMethod(MethodInvocationHelper.java:85)
	at org.testng.internal.Invoker.invokeMethod(Invoker.java:659)
	at org.testng.internal.Invoker.invokeTestMethod(Invoker.java:845)
	at org.testng.internal.Invoker.invokeTestMethods(Invoker.java:1153)
	at org.testng.internal.TestMethodWorker.invokeTestMethods(TestMethodWorker.java:125)
	at org.testng.internal.TestMethodWorker.run(TestMethodWorker.java:108)
	at org.testng.TestRunner.privateRun(TestRunner.java:771)
	at org.testng.TestRunner.run(TestRunner.java:621)
	at org.testng.SuiteRunner.runTest(SuiteRunner.java:357)
	at org.testng.SuiteRunner.runSequentially(SuiteRunner.java:352)
	at org.testng.SuiteRunner.privateRun(SuiteRunner.java:310)
	at org.testng.SuiteRunner.run(SuiteRunner.java:259)
	at org.testng.SuiteRunnerWorker.runSuite(SuiteRunnerWorker.java:52)
	at org.testng.SuiteRunnerWorker.run(SuiteRunnerWorker.java:86)
	at org.testng.TestNG.runSuitesSequentially(TestNG.java:1199)
	at org.testng.TestNG.runSuitesLocally(TestNG.java:1124)
	at org.testng.TestNG.run(TestNG.java:1032)
	at org.testng.remote.RemoteTestNG.run(RemoteTestNG.java:111)
	at org.testng.remote.RemoteTestNG.initAndRun(RemoteTestNG.java:204)
	at org.testng.remote.RemoteTestNG.main(RemoteTestNG.java:175)
]]>
            </full-stacktrace>
          </exception> <!-- java.lang.AssertionError -->
          <reporter-output>
            <line>
              <![CDATA[/Users/wangxun/Documents/workspace/test/testReport/failScreen/web/20151123-162947-376_test000login.png]]>
            </line>
            <line>
              <![CDATA[<img src="..//Users/wangxun/Documents/workspace/test/testReport/failScreen/web/20151123-162947-376_test000login.png"/>]]>
            </line>
          </reporter-output>
        </test-method> <!-- test000login -->
        <test-method status="PASS" signature="test002login()[pri:0, instance:projects.ticket.testCases.ticketWeb.baShi@17f6480]" name="test002login" duration-ms="1" started-at="2015-11-23T16:29:47Z" finished-at="2015-11-23T16:29:47Z">
          <reporter-output>
          </reporter-output>
        </test-method> <!-- test002login -->
        <test-method status="PASS" signature="test003login()[pri:0, instance:projects.ticket.testCases.ticketWeb.baShi@17f6480]" name="test003login" duration-ms="1" started-at="2015-11-23T16:29:47Z" finished-at="2015-11-23T16:29:47Z">
          <reporter-output>
          </reporter-output>
        </test-method> <!-- test003login -->
        <test-method status="PASS" signature="tearDown()[pri:0, instance:projects.ticket.testCases.ticketWeb.baShi@17f6480]" name="tearDown" is-config="true" duration-ms="993" started-at="2015-11-23T16:29:47Z" finished-at="2015-11-23T16:29:48Z">
          <reporter-output>
          </reporter-output>
        </test-method> <!-- tearDown -->
      </class> <!-- projects.ticket.testCases.ticketWeb.baShi -->
    </test> <!-- Default test -->
  </suite> <!-- Default suite -->
</testng-results>
